#
# A fatal error has been detected by the Java Runtime Environment:
#
#  EXCEPTION_ACCESS_VIOLATION (0xc0000005) at pc=0x00000000738feebb, pid=5176, tid=0x000000000000361c
#
# JRE version: OpenJDK Runtime Environment (8.0_152-b01) (build 1.8.0_152-release-915-b01)
# Java VM: OpenJDK 64-Bit Server VM (25.152-b01 mixed mode windows-amd64 compressed oops)
# Problematic frame:
# V  [jvm.dll+0xeeebb]
#
# Failed to write core dump. Minidumps are not enabled by default on client versions of Windows
#
# If you would like to submit a bug report, please visit:
#   http://bugreport.java.com/bugreport/crash.jsp
#

---------------  T H R E A D  ---------------

Current thread (0x0000000016485000):  VMThread [stack: 0x0000000017510000,0x0000000017610000] [id=13852]

siginfo: ExceptionCode=0xc0000005, reading address 0x0000000574eec1c8

Registers:
RAX=0x0000000012820000, RBX=0x00000000aee740a0, RCX=0x0000000000000003, RDX=0x0000000000000001
RSP=0x000000001760ee00, RBP=0x00000000aee54094, RSI=0x0000000002aac2f0, RDI=0x0000000002aac2f0
R8 =0x0000000574eec1c0, R9 =0x0000000100a34d38, R10=0x000000000000000c, R11=0x0000000073dd7798
R12=0x00000000aee5409c, R13=0x0000000100a35238, R14=0x0000000100a35240, R15=0x00000000aee54088
RIP=0x00000000738feebb, EFLAGS=0x0000000000010206

Top of Stack: (sp=0x000000001760ee00)
0x000000001760ee00:   0000000100a34d38 00000000aee5406c
0x000000001760ee10:   0000000000000003 0000000073a05b52
0x000000001760ee20:   0000000000000000 0000000000000000
0x000000001760ee30:   0000000018651270 00000000bb8bb3b8
0x000000001760ee40:   00000000000007b9 0000000073bd34c0
0x000000001760ee50:   0000000016eb8e08 00000000000083b0
0x000000001760ee60:   0000000002aac2f0 0000000016484290
0x000000001760ee70:   0000000073fd3950 0000000000000006
0x000000001760ee80:   000000001760f140 0000000000000000
0x000000001760ee90:   0000000016484290 00000000738fd425
0x000000001760eea0:   0000000016eb5330 00000000bb8bb3a0
0x000000001760eeb0:   000000001760f100 0000000018651270
0x000000001760eec0:   00000000186517f0 0000000000000000
0x000000001760eed0:   0000000016484290 00000000bb8bb3b8
0x000000001760eee0:   000000001760f100 00000000000083b0
0x000000001760eef0:   0000000018659258 00000000738d52d9 

Instructions: (pc=0x00000000738feebb)
0x00000000738fee9b:   6c 00 84 d2 74 16 44 8b 43 08 8b 0d ad b7 66 00
0x00000000738feeab:   49 d3 e0 4c 03 05 9b b7 66 00 eb 04 4c 8b 43 08
0x00000000738feebb:   45 8b 48 08 45 85 c9 7e 0c 41 f6 c1 01 75 4b 41
0x00000000738feecb:   c1 f9 03 eb 57 79 43 84 d2 41 8b c9 b8 10 00 00 


Register to memory mapping:

RAX=0x0000000012820000 is an unknown value
RBX=0x00000000aee740a0 is pointing into object: 0x00000000aee74098
org.apache.xerces.dom.DeferredTextImpl 
 - klass: 'org/apache/xerces/dom/DeferredTextImpl'
RCX=0x0000000000000003 is an unknown value
RDX=0x0000000000000001 is an unknown value
RSP=0x000000001760ee00 is an unknown value
RBP=0x00000000aee54094 is pointing into object: 0x00000000aee54088
com.sun.tools.javac.util.List 
 - klass: 'com/sun/tools/javac/util/List'
RSI=0x0000000002aac2f0 is an unknown value
RDI=0x0000000002aac2f0 is an unknown value
R8 =0x0000000574eec1c0 is an unknown value
R9 =0x0000000100a34d38 is pointing into metadata
R10=0x000000000000000c is an unknown value
R11=0x0000000073dd7798 is an unknown value
R12=0x00000000aee5409c is pointing into object: 0x00000000aee54088
com.sun.tools.javac.util.List 
 - klass: 'com/sun/tools/javac/util/List'
R13=0x0000000100a35238 is pointing into metadata
R14=0x0000000100a35240 is pointing into metadata
R15=0x00000000aee54088 is an oop
com.sun.tools.javac.util.List 
 - klass: 'com/sun/tools/javac/util/List'


Stack: [0x0000000017510000,0x0000000017610000],  sp=0x000000001760ee00,  free space=1019k
Native frames: (J=compiled Java code, j=interpreted, Vv=VM code, C=native code)
V  [jvm.dll+0xeeebb]
V  [jvm.dll+0x3c34c0]
V  [jvm.dll+0xc52d9]
V  [jvm.dll+0xc5fe2]
V  [jvm.dll+0xc65fe]
V  [jvm.dll+0x3c99e7]
V  [jvm.dll+0x3cadae]
V  [jvm.dll+0x3cecbf]
V  [jvm.dll+0x3bea84]
V  [jvm.dll+0x3d1246]
V  [jvm.dll+0x223ac7]
V  [jvm.dll+0x222d82]
V  [jvm.dll+0x223201]
V  [jvm.dll+0x22341e]
V  [jvm.dll+0x26d4aa]
C  [msvcr100.dll+0x21d9f]
C  [msvcr100.dll+0x21e3b]
C  [KERNEL32.DLL+0x12774]
C  [ntdll.dll+0x70d51]

VM_Operation (0x000000006005bf90): ParallelGCFailedAllocation, mode: safepoint, requested by thread 0x00000000226a1800


---------------  P R O C E S S  ---------------

Java Threads: ( => current thread )
  0x00000000226ac000 JavaThread "pool-83-thread-1" [_thread_blocked, id=10284, stack(0x0000000061060000,0x0000000061160000)]
  0x00000000226ab800 JavaThread "ForkJoinPool.commonPool-worker-2" daemon [_thread_blocked, id=11440, stack(0x0000000060f60000,0x0000000061060000)]
  0x00000000226a3800 JavaThread "Task worker for ':' Thread 3" [_thread_blocked, id=12844, stack(0x0000000060160000,0x0000000060260000)]
  0x00000000226a3000 JavaThread "Task worker for ':' Thread 2" [_thread_blocked, id=6648, stack(0x0000000060060000,0x0000000060160000)]
  0x00000000226a1800 JavaThread "Task worker for ':'" [_thread_blocked, id=7692, stack(0x000000005ff60000,0x0000000060060000)]
  0x00000000226a6000 JavaThread "Cache worker for task history cache (F:\Android\RecyclerViewWithBinding\.gradle\4.1\taskHistory)" [_thread_blocked, id=2852, stack(0x000000005fe60000,0x000000005ff60000)]
  0x000000001875a800 JavaThread "Cache worker for file content cache (F:\Android\RecyclerViewWithBinding\.gradle\4.1\fileContent)" [_thread_blocked, id=9204, stack(0x000000005fd60000,0x000000005fe60000)]
  0x000000001875c000 JavaThread "build operations Thread 4" [_thread_blocked, id=10136, stack(0x000000005fc60000,0x000000005fd60000)]
  0x000000001875b800 JavaThread "build operations Thread 3" [_thread_blocked, id=8404, stack(0x000000005fb60000,0x000000005fc60000)]
  0x0000000018753000 JavaThread "build operations Thread 2" [_thread_blocked, id=13888, stack(0x000000005fa60000,0x000000005fb60000)]
  0x000000001875a000 JavaThread "build operations" [_thread_blocked, id=12276, stack(0x000000005f960000,0x000000005fa60000)]
  0x0000000018752800 JavaThread "Cache worker for Artifact transforms cache (C:\Users\Khalil\.gradle\caches\transforms-1)" [_thread_blocked, id=12528, stack(0x000000005f860000,0x000000005f960000)]
  0x0000000018757800 JavaThread "Cache worker for file hash cache (F:\Android\RecyclerViewWithBinding\.gradle\4.1\fileHashes)" [_thread_blocked, id=2488, stack(0x000000005f760000,0x000000005f860000)]
  0x0000000018755800 JavaThread "Stdin handler" [_thread_blocked, id=4464, stack(0x000000005f660000,0x000000005f760000)]
  0x0000000018751800 JavaThread "Asynchronous log dispatcher for DefaultDaemonConnection: socket connection from /127.0.0.1:65218 to /127.0.0.1:51305" [_thread_blocked, id=2680, stack(0x000000005f560000,0x000000005f660000)]
  0x0000000018756000 JavaThread "Cancel handler" [_thread_blocked, id=984, stack(0x000000005f460000,0x000000005f560000)]
  0x0000000018754000 JavaThread "Handler for socket connection from /127.0.0.1:65218 to /127.0.0.1:51305" [_thread_in_native, id=9096, stack(0x000000005f360000,0x000000005f460000)]
  0x00000000226a8800 JavaThread "Daemon worker Thread 12" [_thread_blocked, id=9512, stack(0x000000005a660000,0x000000005a760000)]
  0x00000000226a7800 JavaThread "Daemon Thread 12" [_thread_blocked, id=2364, stack(0x000000005a360000,0x000000005a460000)]
  0x000000001a081000 JavaThread "Memory manager" [_thread_blocked, id=10364, stack(0x0000000020e70000,0x0000000020f70000)]
  0x0000000019bc5800 JavaThread "File lock request listener" [_thread_in_native, id=11060, stack(0x000000001bff0000,0x000000001c0f0000)]
  0x0000000019bce000 JavaThread "Cache worker for file hash cache (C:\Users\Khalil\.gradle\caches\4.1\fileHashes)" [_thread_blocked, id=14220, stack(0x000000001bef0000,0x000000001bff0000)]
  0x0000000018eb1000 JavaThread "Daemon periodic checks" [_thread_blocked, id=3440, stack(0x000000001b6f0000,0x000000001b7f0000)]
  0x00000000192e2800 JavaThread "Incoming local TCP Connector on port 65218" [_thread_in_native, id=11100, stack(0x0000000019bd0000,0x0000000019cd0000)]
  0x0000000017e24000 JavaThread "Service Thread" daemon [_thread_blocked, id=14292, stack(0x0000000018200000,0x0000000018300000)]
  0x000000001651e000 JavaThread "C1 CompilerThread2" daemon [_thread_blocked, id=5152, stack(0x0000000017d00000,0x0000000017e00000)]
  0x00000000164bf000 JavaThread "C2 CompilerThread1" daemon [_thread_blocked, id=5280, stack(0x0000000017c00000,0x0000000017d00000)]
  0x00000000164bc000 JavaThread "C2 CompilerThread0" daemon [_thread_blocked, id=7392, stack(0x0000000017b00000,0x0000000017c00000)]
  0x00000000164ba800 JavaThread "Attach Listener" daemon [_thread_blocked, id=8444, stack(0x0000000017a00000,0x0000000017b00000)]
  0x00000000164b9800 JavaThread "Signal Dispatcher" daemon [_thread_blocked, id=8092, stack(0x0000000017900000,0x0000000017a00000)]
  0x0000000002abc800 JavaThread "Finalizer" daemon [_thread_blocked, id=9364, stack(0x0000000017710000,0x0000000017810000)]
  0x0000000002ab1800 JavaThread "Reference Handler" daemon [_thread_blocked, id=10276, stack(0x0000000017610000,0x0000000017710000)]
  0x0000000002b4e000 JavaThread "main" [_thread_blocked, id=9128, stack(0x00000000028a0000,0x00000000029a0000)]

Other Threads:
=>0x0000000016485000 VMThread [stack: 0x0000000017510000,0x0000000017610000] [id=13852]
  0x0000000017e13000 WatcherThread [stack: 0x0000000018300000,0x0000000018400000] [id=1892]

VM state:at safepoint (normal execution)

VM Mutex/Monitor currently owned by a thread:  ([mutex/lock_event])
[0x0000000002b4d2e0] Threads_lock - owner thread: 0x0000000016485000
[0x0000000002b4d660] Heap_lock - owner thread: 0x00000000226a1800

Heap:
 PSYoungGen      total 393728K, used 7165K [0x00000000e0000000, 0x00000000ffa80000, 0x0000000100000000)
  eden space 267776K, 0% used [0x00000000e0000000,0x00000000e0000000,0x00000000f0580000)
  from space 125952K, 5% used [0x00000000f7f80000,0x00000000f867f6d8,0x00000000ffa80000)
  to   space 124928K, 0% used [0x00000000f0580000,0x00000000f0580000,0x00000000f7f80000)
 ParOldGen       total 552448K, used 520623K [0x00000000a0000000, 0x00000000c1b80000, 0x00000000e0000000)
  object space 552448K, 94% used [0x00000000a0000000,0x00000000bfc6bc80,0x00000000c1b80000)
 Metaspace       used 122450K, capacity 131838K, committed 132096K, reserved 1163264K
  class space    used 15705K, capacity 17896K, committed 17920K, reserved 1048576K

Card table byte_map: [0x0000000011f10000,0x0000000012220000] byte_map_base: 0x0000000011a10000

Marking Bits: (ParMarkBitMap*) 0x0000000073fd3950
 Begin Bits: [0x0000000012820000, 0x0000000014020000)
 End Bits:   [0x0000000014020000, 0x0000000015820000)

Polling page: 0x00000000010e0000

CodeCache: size=245760Kb used=78409Kb max_used=78409Kb free=167350Kb
 bounds [0x0000000002b50000, 0x0000000007860000, 0x0000000011b50000]
 total_blobs=22787 nmethods=21927 adapters=771
 compilation: enabled

Compilation events (10 events):
Event: 8447.660 Thread 0x00000000164bc000 nmethod 28384 0x0000000006b4e750 code [0x0000000006b4e880, 0x0000000006b4e8f8]
Event: 8447.661 Thread 0x000000001651e000 nmethod 28381 0x0000000007850750 code [0x0000000007850be0, 0x0000000007853a18]
Event: 8447.661 Thread 0x000000001651e000 28382       3       sun.nio.cs.ThreadLocalCoders$2::hasName (43 bytes)
Event: 8447.661 Thread 0x000000001651e000 nmethod 28382 0x000000000784f610 code [0x000000000784f7e0, 0x00000000078504b8]
Event: 8447.661 Thread 0x000000001651e000 28383       3       java.nio.charset.Charset::equals (31 bytes)
Event: 8447.662 Thread 0x000000001651e000 nmethod 28383 0x000000000784c410 code [0x000000000784c5a0, 0x000000000784cac8]
Event: 8447.686 Thread 0x000000001651e000 28385       3       com.android.apkzlib.zip.StoredEntry::loadSourceIntoMemory (65 bytes)
Event: 8447.687 Thread 0x000000001651e000 nmethod 28385 0x0000000007856090 code [0x00000000078562e0, 0x00000000078570f8]
Event: 8447.687 Thread 0x000000001651e000 28386       3       com.android.apkzlib.zip.FileUseMap::remove (58 bytes)
Event: 8447.690 Thread 0x000000001651e000 nmethod 28386 0x0000000007857950 code [0x0000000007857c60, 0x00000000078591f8]

GC Heap History (10 events):
Event: 8404.250 GC heap after
Heap after GC invocations=47 (full 5):
 PSYoungGen      total 365568K, used 10237K [0x00000000e0000000, 0x00000000fea00000, 0x0000000100000000)
  eden space 225792K, 0% used [0x00000000e0000000,0x00000000e0000000,0x00000000edc80000)
  from space 139776K, 7% used [0x00000000f6180000,0x00000000f6b7f710,0x00000000fea00000)
  to   space 136192K, 0% used [0x00000000edc80000,0x00000000edc80000,0x00000000f6180000)
 ParOldGen       total 552448K, used 447917K [0x00000000a0000000, 0x00000000c1b80000, 0x00000000e0000000)
  object space 552448K, 81% used [0x00000000a0000000,0x00000000bb56b4a0,0x00000000c1b80000)
 Metaspace       used 117720K, capacity 126888K, committed 127104K, reserved 1159168K
  class space    used 15112K, capacity 17271K, committed 17280K, reserved 1048576K
}
Event: 8423.654 GC heap before
{Heap before GC invocations=48 (full 5):
 PSYoungGen      total 365568K, used 236029K [0x00000000e0000000, 0x00000000fea00000, 0x0000000100000000)
  eden space 225792K, 100% used [0x00000000e0000000,0x00000000edc80000,0x00000000edc80000)
  from space 139776K, 7% used [0x00000000f6180000,0x00000000f6b7f710,0x00000000fea00000)
  to   space 136192K, 0% used [0x00000000edc80000,0x00000000edc80000,0x00000000f6180000)
 ParOldGen       total 552448K, used 447917K [0x00000000a0000000, 0x00000000c1b80000, 0x00000000e0000000)
  object space 552448K, 81% used [0x00000000a0000000,0x00000000bb56b4a0,0x00000000c1b80000)
 Metaspace       used 117965K, capacity 127084K, committed 127104K, reserved 1159168K
  class space    used 15132K, capacity 17271K, committed 17280K, reserved 1048576K
Event: 8423.680 GC heap after
Heap after GC invocations=48 (full 5):
 PSYoungGen      total 361984K, used 1808K [0x00000000e0000000, 0x00000000ff080000, 0x0000000100000000)
  eden space 225792K, 0% used [0x00000000e0000000,0x00000000e0000000,0x00000000edc80000)
  from space 136192K, 1% used [0x00000000edc80000,0x00000000ede44010,0x00000000f6180000)
  to   space 130048K, 0% used [0x00000000f7180000,0x00000000f7180000,0x00000000ff080000)
 ParOldGen       total 552448K, used 452981K [0x00000000a0000000, 0x00000000c1b80000, 0x00000000e0000000)
  object space 552448K, 81% used [0x00000000a0000000,0x00000000bba5d730,0x00000000c1b80000)
 Metaspace       used 117965K, capacity 127084K, committed 127104K, reserved 1159168K
  class space    used 15132K, capacity 17271K, committed 17280K, reserved 1048576K
}
Event: 8433.673 GC heap before
{Heap before GC invocations=49 (full 5):
 PSYoungGen      total 361984K, used 227600K [0x00000000e0000000, 0x00000000ff080000, 0x0000000100000000)
  eden space 225792K, 100% used [0x00000000e0000000,0x00000000edc80000,0x00000000edc80000)
  from space 136192K, 1% used [0x00000000edc80000,0x00000000ede44010,0x00000000f6180000)
  to   space 130048K, 0% used [0x00000000f7180000,0x00000000f7180000,0x00000000ff080000)
 ParOldGen       total 552448K, used 452981K [0x00000000a0000000, 0x00000000c1b80000, 0x00000000e0000000)
  object space 552448K, 81% used [0x00000000a0000000,0x00000000bba5d730,0x00000000c1b80000)
 Metaspace       used 118056K, capacity 127332K, committed 127488K, reserved 1159168K
  class space    used 15144K, capacity 17311K, committed 17408K, reserved 1048576K
Event: 8433.742 GC heap after
Heap after GC invocations=49 (full 5):
 PSYoungGen      total 381952K, used 2576K [0x00000000e0000000, 0x00000000fee00000, 0x0000000100000000)
  eden space 254464K, 0% used [0x00000000e0000000,0x00000000e0000000,0x00000000ef880000)
  from space 127488K, 2% used [0x00000000f7180000,0x00000000f7404030,0x00000000fee00000)
  to   space 123904K, 0% used [0x00000000ef880000,0x00000000ef880000,0x00000000f7180000)
 ParOldGen       total 552448K, used 454013K [0x00000000a0000000, 0x00000000c1b80000, 0x00000000e0000000)
  object space 552448K, 82% used [0x00000000a0000000,0x00000000bbb5f7f0,0x00000000c1b80000)
 Metaspace       used 118056K, capacity 127332K, committed 127488K, reserved 1159168K
  class space    used 15144K, capacity 17311K, committed 17408K, reserved 1048576K
}
Event: 8445.374 GC heap before
{Heap before GC invocations=50 (full 5):
 PSYoungGen      total 381952K, used 257040K [0x00000000e0000000, 0x00000000fee00000, 0x0000000100000000)
  eden space 254464K, 100% used [0x00000000e0000000,0x00000000ef880000,0x00000000ef880000)
  from space 127488K, 2% used [0x00000000f7180000,0x00000000f7404030,0x00000000fee00000)
  to   space 123904K, 0% used [0x00000000ef880000,0x00000000ef880000,0x00000000f7180000)
 ParOldGen       total 552448K, used 454013K [0x00000000a0000000, 0x00000000c1b80000, 0x00000000e0000000)
  object space 552448K, 82% used [0x00000000a0000000,0x00000000bbb5f7f0,0x00000000c1b80000)
 Metaspace       used 122395K, capacity 131754K, committed 131840K, reserved 1163264K
  class space    used 15700K, capacity 17892K, committed 17920K, reserved 1048576K
Event: 8445.883 GC heap after
Heap after GC invocations=50 (full 5):
 PSYoungGen      total 378368K, used 71439K [0x00000000e0000000, 0x0000000100000000, 0x0000000100000000)
  eden space 254464K, 0% used [0x00000000e0000000,0x00000000e0000000,0x00000000ef880000)
  from space 123904K, 57% used [0x00000000ef880000,0x00000000f3e43eb8,0x00000000f7180000)
  to   space 131584K, 0% used [0x00000000f7f80000,0x00000000f7f80000,0x0000000100000000)
 ParOldGen       total 552448K, used 455841K [0x00000000a0000000, 0x00000000c1b80000, 0x00000000e0000000)
  object space 552448K, 82% used [0x00000000a0000000,0x00000000bbd285e0,0x00000000c1b80000)
 Metaspace       used 122395K, capacity 131754K, committed 131840K, reserved 1163264K
  class space    used 15700K, capacity 17892K, committed 17920K, reserved 1048576K
}
Event: 8447.774 GC heap before
{Heap before GC invocations=51 (full 5):
 PSYoungGen      total 378368K, used 325854K [0x00000000e0000000, 0x0000000100000000, 0x0000000100000000)
  eden space 254464K, 99% used [0x00000000e0000000,0x00000000ef873a78,0x00000000ef880000)
  from space 123904K, 57% used [0x00000000ef880000,0x00000000f3e43eb8,0x00000000f7180000)
  to   space 131584K, 0% used [0x00000000f7f80000,0x00000000f7f80000,0x0000000100000000)
 ParOldGen       total 552448K, used 455841K [0x00000000a0000000, 0x00000000c1b80000, 0x00000000e0000000)
  object space 552448K, 82% used [0x00000000a0000000,0x00000000bbd285e0,0x00000000c1b80000)
 Metaspace       used 122450K, capacity 131838K, committed 132096K, reserved 1163264K
  class space    used 15705K, capacity 17896K, committed 17920K, reserved 1048576K
Event: 8447.932 GC heap after
Heap after GC invocations=51 (full 5):
 PSYoungGen      total 393728K, used 7165K [0x00000000e0000000, 0x00000000ffa80000, 0x0000000100000000)
  eden space 267776K, 0% used [0x00000000e0000000,0x00000000e0000000,0x00000000f0580000)
  from space 125952K, 5% used [0x00000000f7f80000,0x00000000f867f6d8,0x00000000ffa80000)
  to   space 124928K, 0% used [0x00000000f0580000,0x00000000f0580000,0x00000000f7f80000)
 ParOldGen       total 552448K, used 520623K [0x00000000a0000000, 0x00000000c1b80000, 0x00000000e0000000)
  object space 552448K, 94% used [0x00000000a0000000,0x00000000bfc6bc80,0x00000000c1b80000)
 Metaspace       used 122450K, capacity 131838K, committed 132096K, reserved 1163264K
  class space    used 15705K, capacity 17896K, committed 17920K, reserved 1048576K
}
Event: 8447.932 GC heap before
{Heap before GC invocations=52 (full 6):
 PSYoungGen      total 393728K, used 7165K [0x00000000e0000000, 0x00000000ffa80000, 0x0000000100000000)
  eden space 267776K, 0% used [0x00000000e0000000,0x00000000e0000000,0x00000000f0580000)
  from space 125952K, 5% used [0x00000000f7f80000,0x00000000f867f6d8,0x00000000ffa80000)
  to   space 124928K, 0% used [0x00000000f0580000,0x00000000f0580000,0x00000000f7f80000)
 ParOldGen       total 552448K, used 520623K [0x00000000a0000000, 0x00000000c1b80000, 0x00000000e0000000)
  object space 552448K, 94% used [0x00000000a0000000,0x00000000bfc6bc80,0x00000000c1b80000)
 Metaspace       used 122450K, capacity 131838K, committed 132096K, reserved 1163264K
  class space    used 15705K, capacity 17896K, committed 17920K, reserved 1048576K

Deoptimization events (10 events):
Event: 8446.111 Thread 0x00000000226a1800 Uncommon trap: reason=unstable_if action=reinterpret pc=0x0000000005f71b08 method=com.sun.tools.javac.comp.Check.checkType(Lcom/sun/tools/javac/util/JCDiagnostic$DiagnosticPosition;Lcom/sun/tools/javac/code/Type;Lcom/sun/tools/javac/code/Type;Lcom/sun/too
Event: 8446.174 Thread 0x00000000226a1800 Uncommon trap: reason=unstable_if action=reinterpret pc=0x0000000006606818 method=com.sun.tools.javac.code.Types.isSubtype(Lcom/sun/tools/javac/code/Type;Lcom/sun/tools/javac/code/Type;Z)Z @ 28
Event: 8446.175 Thread 0x00000000226a1800 Uncommon trap: reason=unstable_if action=reinterpret pc=0x000000000624b718 method=com.sun.tools.javac.code.Types.isSubtype(Lcom/sun/tools/javac/code/Type;Lcom/sun/tools/javac/code/Type;Z)Z @ 28
Event: 8446.177 Thread 0x00000000226a1800 Uncommon trap: reason=unstable_if action=reinterpret pc=0x00000000077c649c method=com.sun.tools.javac.code.Types.isSubSignature(Lcom/sun/tools/javac/code/Type;Lcom/sun/tools/javac/code/Type;Z)Z @ 21
Event: 8446.178 Thread 0x00000000226a1800 Uncommon trap: reason=unstable_if action=reinterpret pc=0x0000000005fc94c0 method=com.sun.tools.javac.code.Symbol$MethodSymbol.binaryImplementation(Lcom/sun/tools/javac/code/Symbol$ClassSymbol;Lcom/sun/tools/javac/code/Types;)Lcom/sun/tools/javac/code/Sym
Event: 8446.994 Thread 0x00000000226a1800 Uncommon trap: reason=unstable_if action=reinterpret pc=0x0000000006c85c7c method=com.sun.tools.javac.comp.Lower.access(Lcom/sun/tools/javac/code/Symbol;Lcom/sun/tools/javac/tree/JCTree$JCExpression;Lcom/sun/tools/javac/tree/JCTree$JCExpression;Z)Lcom/sun
Event: 8447.317 Thread 0x00000000226a1800 Uncommon trap: reason=unstable_if action=reinterpret pc=0x0000000006a8af80 method=com.google.common.collect.MapMakerInternalMap$Segment.removeFromChain(Lcom/google/common/collect/MapMakerInternalMap$ReferenceEntry;Lcom/google/common/collect/MapMakerIntern
Event: 8447.376 Thread 0x00000000226a1800 Uncommon trap: reason=class_check action=maybe_recompile pc=0x0000000005daf06c method=java.nio.file.Files.walkFileTree(Ljava/nio/file/Path;Ljava/util/Set;ILjava/nio/file/FileVisitor;)Ljava/nio/file/Path; @ 144
Event: 8447.454 Thread 0x000000001875c000 Uncommon trap: reason=unstable_if action=reinterpret pc=0x000000000457b964 method=java.util.concurrent.ConcurrentLinkedQueue.updateHead(Ljava/util/concurrent/ConcurrentLinkedQueue$Node;Ljava/util/concurrent/ConcurrentLinkedQueue$Node;)V @ 11
Event: 8447.670 Thread 0x00000000226a1800 Uncommon trap: reason=unstable_if action=reinterpret pc=0x00000000040fa7b8 method=java.lang.StringCoding.encode(Ljava/lang/String;[CII)[B @ 51

Classes redefined (0 events):
No events

Internal exceptions (10 events):
Event: 8424.087 Thread 0x00000000226af000 Exception <a 'sun/nio/fs/WindowsException'> (0x00000000e4febfa0) thrown at [D:\src\AOSP-openjdk-cygwin\jdk8u\hotspot\src\share\vm\prims\jni.cpp, line 709]
Event: 8424.087 Thread 0x00000000226af000 Exception <a 'sun/nio/fs/WindowsException'> (0x00000000e4fec6e8) thrown at [D:\src\AOSP-openjdk-cygwin\jdk8u\hotspot\src\share\vm\prims\jni.cpp, line 709]
Event: 8432.011 Thread 0x00000000226af000 Exception <a 'sun/nio/fs/WindowsException'> (0x00000000eba24a18) thrown at [D:\src\AOSP-openjdk-cygwin\jdk8u\hotspot\src\share\vm\prims\jni.cpp, line 709]
Event: 8432.066 Thread 0x00000000226af000 Exception <a 'sun/nio/fs/WindowsException'> (0x00000000eba254b8) thrown at [D:\src\AOSP-openjdk-cygwin\jdk8u\hotspot\src\share\vm\prims\jni.cpp, line 709]
Event: 8432.131 Thread 0x00000000226a8800 Exception <a 'sun/nio/fs/WindowsException'> (0x00000000e4e2e680) thrown at [D:\src\AOSP-openjdk-cygwin\jdk8u\hotspot\src\share\vm\prims\jni.cpp, line 709]
Event: 8433.353 Thread 0x00000000226a8800 Exception <a 'java/lang/ClassNotFoundException': sync_local_repo14480_4hvsd5e8133u0y22jrkkeccf4BeanInfo> (0x00000000ebd6f290) thrown at [D:\src\AOSP-openjdk-cygwin\jdk8u\hotspot\src\share\vm\classfile\systemDictionary.cpp, line 210]
Event: 8433.354 Thread 0x00000000226a8800 Exception <a 'java/lang/ClassNotFoundException': sync_local_repo14480_4hvsd5e8133u0y22jrkkeccf4Customizer> (0x00000000ebd79d18) thrown at [D:\src\AOSP-openjdk-cygwin\jdk8u\hotspot\src\share\vm\classfile\systemDictionary.cpp, line 210]
Event: 8443.584 Thread 0x00000000226a1800 Exception <a 'java/lang/NoSuchMethodError': <clinit>> (0x00000000e8ef2c28) thrown at [D:\src\AOSP-openjdk-cygwin\jdk8u\hotspot\src\share\vm\prims\jni.cpp, line 1613]
Event: 8444.137 Thread 0x00000000226a1800 Exception <a 'java/lang/ClassNotFoundException': com/sun/org/glassfish/hk2/osgiresourcelocator/ServiceLoader> (0x00000000ec870be0) thrown at [D:\src\AOSP-openjdk-cygwin\jdk8u\hotspot\src\share\vm\classfile\systemDictionary.cpp, line 210]
Event: 8447.374 Thread 0x00000000226a1800 Exception <a 'sun/nio/fs/WindowsException'> (0x00000000e168b5b8) thrown at [D:\src\AOSP-openjdk-cygwin\jdk8u\hotspot\src\share\vm\prims\jni.cpp, line 709]

Events (10 events):
Event: 8447.455 Thread 0x000000001875c000 DEOPT PACKING pc=0x000000000457b964 sp=0x000000005fd5e5c0
Event: 8447.470 Thread 0x000000001875c000 DEOPT UNPACKING pc=0x0000000002b9556a sp=0x000000005fd5e480 mode 2
Event: 8447.609 Thread 0x00000000226ab800 Thread added: 0x00000000226ab800
Event: 8447.670 Thread 0x00000000226a1800 Uncommon trap: trap_request=0xffffff65 fr.pc=0x00000000040fa7b8
Event: 8447.670 Thread 0x00000000226a1800 DEOPT PACKING pc=0x00000000040fa7b8 sp=0x000000006005bea0
Event: 8447.670 Thread 0x00000000226a1800 DEOPT UNPACKING pc=0x0000000002b9556a sp=0x000000006005be80 mode 2
Event: 8447.670 Thread 0x00000000226ac000 Thread added: 0x00000000226ac000
Event: 8447.684 Executing VM operation: RevokeBias
Event: 8447.685 Executing VM operation: RevokeBias done
Event: 8447.774 Executing VM operation: ParallelGCFailedAllocation


Dynamic libraries:
0x00007ff7e9a10000 - 0x00007ff7e9a41000 	C:\Program Files\Android\Android Studio\jre\bin\java.exe
0x00007ffb00540000 - 0x00007ffb0071b000 	C:\WINDOWS\SYSTEM32\ntdll.dll
0x00007ffaffa60000 - 0x00007ffaffb0e000 	C:\WINDOWS\System32\KERNEL32.DLL
0x00007ffafcd60000 - 0x00007ffafcfa9000 	C:\WINDOWS\System32\KERNELBASE.dll
0x00007ffaff9b0000 - 0x00007ffaffa51000 	C:\WINDOWS\System32\ADVAPI32.dll
0x00007ffaff5f0000 - 0x00007ffaff68d000 	C:\WINDOWS\System32\msvcrt.dll
0x00007ffaff860000 - 0x00007ffaff8b9000 	C:\WINDOWS\System32\sechost.dll
0x00007ffaffb30000 - 0x00007ffaffc55000 	C:\WINDOWS\System32\RPCRT4.dll
0x00007ffb003e0000 - 0x00007ffb0052a000 	C:\WINDOWS\System32\USER32.dll
0x00007ffafca60000 - 0x00007ffafca7e000 	C:\WINDOWS\System32\win32u.dll
0x00007ffb003b0000 - 0x00007ffb003d7000 	C:\WINDOWS\System32\GDI32.dll
0x00007ffafcfb0000 - 0x00007ffafd138000 	C:\WINDOWS\System32\gdi32full.dll
0x00007ffafd240000 - 0x00007ffafd2da000 	C:\WINDOWS\System32\msvcp_win.dll
0x00007ffafd140000 - 0x00007ffafd236000 	C:\WINDOWS\System32\ucrtbase.dll
0x00007ffaf2660000 - 0x00007ffaf28c7000 	C:\WINDOWS\WinSxS\amd64_microsoft.windows.common-controls_6595b64144ccf1df_6.0.15063.483_none_26002d27e7c744a2\COMCTL32.dll
0x00007ffafff20000 - 0x00007ffb00219000 	C:\WINDOWS\System32\combase.dll
0x00007ffafd2e0000 - 0x00007ffafd34a000 	C:\WINDOWS\System32\bcryptPrimitives.dll
0x00007ffaff830000 - 0x00007ffaff85d000 	C:\WINDOWS\System32\IMM32.DLL
0x0000000073730000 - 0x0000000073802000 	C:\Program Files\Android\Android Studio\jre\jre\bin\msvcr100.dll
0x0000000073810000 - 0x000000007404e000 	C:\Program Files\Android\Android Studio\jre\jre\bin\server\jvm.dll
0x00007ffb00530000 - 0x00007ffb00538000 	C:\WINDOWS\System32\PSAPI.DLL
0x00007ffafaad0000 - 0x00007ffafaaf3000 	C:\WINDOWS\SYSTEM32\WINMM.dll
0x00007ffaf5010000 - 0x00007ffaf5019000 	C:\WINDOWS\SYSTEM32\WSOCK32.dll
0x00007ffb00330000 - 0x00007ffb0039c000 	C:\WINDOWS\System32\WS2_32.dll
0x00007ffaf6780000 - 0x00007ffaf678a000 	C:\WINDOWS\SYSTEM32\VERSION.dll
0x00007ffafaa70000 - 0x00007ffafaa9b000 	C:\WINDOWS\SYSTEM32\winmmbase.dll
0x00007ffafd350000 - 0x00007ffafd399000 	C:\WINDOWS\System32\cfgmgr32.dll
0x00007ffaf5000000 - 0x00007ffaf500f000 	C:\Program Files\Android\Android Studio\jre\jre\bin\verify.dll
0x00007ffaf0240000 - 0x00007ffaf0269000 	C:\Program Files\Android\Android Studio\jre\jre\bin\java.dll
0x00007ffaf4830000 - 0x00007ffaf4846000 	C:\Program Files\Android\Android Studio\jre\jre\bin\zip.dll
0x00007ffafe0f0000 - 0x00007ffaff527000 	C:\WINDOWS\System32\SHELL32.dll
0x00007ffaffe70000 - 0x00007ffafff1a000 	C:\WINDOWS\System32\shcore.dll
0x00007ffafd3a0000 - 0x00007ffafda92000 	C:\WINDOWS\System32\windows.storage.dll
0x00007ffaff530000 - 0x00007ffaff581000 	C:\WINDOWS\System32\shlwapi.dll
0x00007ffafc9d0000 - 0x00007ffafc9e1000 	C:\WINDOWS\System32\kernel.appcore.dll
0x00007ffafca10000 - 0x00007ffafca5c000 	C:\WINDOWS\System32\powrprof.dll
0x00007ffafc9b0000 - 0x00007ffafc9c5000 	C:\WINDOWS\System32\profapi.dll
0x00007ffaf2d60000 - 0x00007ffaf2d7a000 	C:\Program Files\Android\Android Studio\jre\jre\bin\net.dll
0x00007ffafc260000 - 0x00007ffafc2bc000 	C:\WINDOWS\system32\mswsock.dll
0x00007ffaf0220000 - 0x00007ffaf0231000 	C:\Program Files\Android\Android Studio\jre\jre\bin\nio.dll
0x00007ffaf3bb0000 - 0x00007ffaf3bce000 	C:\Users\Khalil\.gradle\native\25\windows-amd64\native-platform.dll
0x00007ffaf4ff0000 - 0x00007ffaf4ffd000 	C:\Program Files\Android\Android Studio\jre\jre\bin\management.dll
0x00007ffafc400000 - 0x00007ffafc417000 	C:\WINDOWS\SYSTEM32\CRYPTSP.dll
0x00007ffafbe80000 - 0x00007ffafbeb4000 	C:\WINDOWS\system32\rsaenh.dll
0x00007ffafc570000 - 0x00007ffafc595000 	C:\WINDOWS\SYSTEM32\bcrypt.dll
0x00007ffafc8e0000 - 0x00007ffafc909000 	C:\WINDOWS\SYSTEM32\USERENV.dll
0x00007ffafc420000 - 0x00007ffafc42b000 	C:\WINDOWS\SYSTEM32\CRYPTBASE.dll
0x00007ffafc000000 - 0x00007ffafc037000 	C:\WINDOWS\SYSTEM32\IPHLPAPI.DLL
0x00007ffb003a0000 - 0x00007ffb003a8000 	C:\WINDOWS\System32\NSI.dll
0x00007ffaf1260000 - 0x00007ffaf1276000 	C:\WINDOWS\SYSTEM32\dhcpcsvc6.DLL
0x00007ffaf1240000 - 0x00007ffaf125a000 	C:\WINDOWS\SYSTEM32\dhcpcsvc.DLL
0x00007ffafbcb0000 - 0x00007ffafbce1000 	C:\WINDOWS\SYSTEM32\ntmarta.dll
0x00007ffaee510000 - 0x00007ffaee6b9000 	C:\WINDOWS\SYSTEM32\dbghelp.dll

VM Arguments:
jvm_args: -Xmx1536m -Dfile.encoding=windows-1252 -Duser.country=US -Duser.language=en -Duser.variant 
java_command: org.gradle.launcher.daemon.bootstrap.GradleDaemon 4.1
java_class_path (initial): C:\Users\Khalil\.gradle\wrapper\dists\gradle-4.1-all\bzyivzo6n839fup2jbap0tjew\gradle-4.1\lib\gradle-launcher-4.1.jar
Launcher Type: SUN_STANDARD

Environment Variables:
PATH=C:\ProgramData\Oracle\Java\javapath;C:\WINDOWS\system32;C:\WINDOWS;C:\WINDOWS\System32\Wbem;C:\WINDOWS\System32\WindowsPowerShell\v1.0\;C:\Program Files (x86)\Skype\Phone\;C:\Program Files\Microsoft SQL Server\130\Tools\Binn\;C:\Program Files (x86)\Windows Kits\10\Windows Performance Toolkit\;C:\Program Files (x86)\nodejs\;C:\Program Files\Git\cmd;C:\Program Files (x86)\Microsoft SQL Server\140\DTS\Binn\;C:\Program Files\Microsoft SQL Server\120\Tools\Binn\;C:\Program Files (x86)\Microsoft SQL Server\110\DTS\Binn\;C:\Program Files (x86)\Microsoft SQL Server\120\DTS\Binn\;C:\Program Files (x86)\Microsoft SQL Server\130\DTS\Binn\;C:\Program Files (x86)\Microsoft SQL Server\110\Tools\Binn\;C:\Program Files\Microsoft SQL Server\Client SDK\ODBC\110\Tools\Binn\;C:\Program Files (x86)\Microsoft SQL Server\120\Tools\Binn\;C:\Program Files\Microsoft SQL Server\120\DTS\Binn\;C:\Program Files (x86)\Microsoft SQL Server\120\Tools\Binn\ManagementStudio\;C:\WINDOWS\system32\config\systemprofile\.dnx\bin;C:\Program Files\Microsoft DNX\Dnvm\;C:\Program Files (x86)\Microsoft Emulator Manager\1.0\;C:\Program Files\Microsoft SQL Server\110\Tools\Binn\;C:\Users\Khalil\AppData\Local\Microsoft\WindowsApps;C:\Users\Khalil\AppData\Roaming\npm
USERNAME=Khalil
OS=Windows_NT
PROCESSOR_IDENTIFIER=Intel64 Family 6 Model 60 Stepping 3, GenuineIntel



---------------  S Y S T E M  ---------------

OS: Windows 10.0 , 64 bit Build 15063 (10.0.15063.296)

CPU:total 4 (initial active 4) (2 cores per cpu, 2 threads per core) family 6 model 60 stepping 3, cmov, cx8, fxsr, mmx, sse, sse2, sse3, ssse3, sse4.1, sse4.2, popcnt, avx, avx2, aes, clmul, erms, lzcnt, ht, tsc, tscinvbit, bmi1, bmi2

Memory: 4k page, physical 8305304k(1022132k free), swap 13548184k(2735164k free)

vm_info: OpenJDK 64-Bit Server VM (25.152-b01) for windows-amd64 JRE (1.8.0_152-release-915-b01), built by "builder" with MS VC++ 10.0 (VS2010)

time: Mon Jan 01 14:58:55 2018
elapsed time: 8448 seconds (0d 2h 20m 48s)

